<?xml version="1.0" encoding="UTF-8"?>
<!-- Generated by org.testng.reporters.JUnitXMLReporter -->
<testsuite hostname="DESKTOP-ACRMBSA" ignored="0" name="Test" tests="10" failures="2" timestamp="2020-10-18T17:05:55 CEST" time="103.66" errors="0">
  <testcase name="LoginWithoutPasswordTC1_A13" time="4.235" classname="smokeTest.SmokeTest"/>
  <testcase name="LoginWithoutEmailTC2_A14" time="3.408" classname="smokeTest.SmokeTest"/>
  <testcase name="LoginWithoutEmailTC3_A15" time="2.721" classname="smokeTest.SmokeTest"/>
  <testcase name="LoginWithIncorrectPasswordTC4_A17" time="3.804" classname="smokeTest.SmokeTest"/>
  <testcase name="LoginTC4_A12" time="4.78" classname="smokeTest.SmokeTest"/>
  <testcase name="SearchFunctionalityTC5_B2" time="2.767" classname="smokeTest.SmokeTest">
    <failure type="java.lang.AssertionError" message="The search functinality did not return valid output">
      <![CDATA[java.lang.AssertionError: The search functinality did not return valid output
at org.junit.Assert.fail(Assert.java:88)
at org.junit.Assert.assertTrue(Assert.java:41)
at org.junit.Assert.assertFalse(Assert.java:64)
at smokeTest.SmokeTest.SearchFunctionalityTC5_B2(SmokeTest.java:80)
at java.util.ArrayList.forEach(ArrayList.java:1257)
... Removed 27 stack frames]]>
    </failure>
  </testcase> <!-- SearchFunctionalityTC5_B2 -->
  <testcase name="AddDressToCartTC6_B3" time="32.844" classname="smokeTest.SmokeTest"/>
  <testcase name="VerifyCatalogCheckboxesWorkTC7_B4" time="4.532" classname="smokeTest.SmokeTest">
    <failure type="org.junit.ComparisonFailure" message="expected:&amp;lt;...dex.php?id_category=[3]&amp;amp;controller=category&amp;gt; but was:&amp;lt;...dex.php?id_category=[8]&amp;amp;controller=category&amp;gt;">
      <![CDATA[org.junit.ComparisonFailure: expected:<...dex.php?id_category=[3]&controller=category> but was:<...dex.php?id_category=[8]&controller=category>
at org.junit.Assert.assertEquals(Assert.java:115)
at org.junit.Assert.assertEquals(Assert.java:144)
at smokeTest.SmokeTest.VerifyCatalogCheckboxesWorkTC7_B4(SmokeTest.java:132)
at java.util.ArrayList.forEach(ArrayList.java:1257)
... Removed 27 stack frames]]>
    </failure>
  </testcase> <!-- VerifyCatalogCheckboxesWorkTC7_B4 -->
  <testcase name="NavigateThroughLinksTC8_B5" time="18.097" classname="smokeTest.SmokeTest"/>
  <testcase name="userCanPurchaseItemsAtSalesPrices" time="3.994" classname="smokeTest.SmokeTest"/>
</testsuite> <!-- Test -->
