<?xml version="1.0" encoding="UTF-8"?>
<testng-results skipped="0" failed="2" ignored="0" total="10" passed="8">
  <reporter-output>
  </reporter-output>
  <suite name="Suite" duration-ms="103660" started-at="2020-10-18T17:04:11 CEST" finished-at="2020-10-18T17:05:55 CEST">
    <groups>
    </groups>
    <test name="Test" duration-ms="103660" started-at="2020-10-18T17:04:11 CEST" finished-at="2020-10-18T17:05:55 CEST">
      <class name="smokeTest.SmokeTest">
        <test-method status="PASS" signature="SetUp()[pri:0, instance:smokeTest.SmokeTest@614ddd49]" name="SetUp" is-config="true" duration-ms="13100" started-at="2020-10-18T17:03:58 CEST" finished-at="2020-10-18T17:04:11 CEST">
          <reporter-output>
          </reporter-output>
        </test-method> <!-- SetUp -->
        <test-method status="PASS" signature="LoginWithoutPasswordTC1_A13()[pri:1, instance:smokeTest.SmokeTest@614ddd49]" name="LoginWithoutPasswordTC1_A13" duration-ms="4235" started-at="2020-10-18T17:04:11 CEST" finished-at="2020-10-18T17:04:15 CEST">
          <reporter-output>
          </reporter-output>
        </test-method> <!-- LoginWithoutPasswordTC1_A13 -->
        <test-method status="PASS" signature="ReturnToHomePage()[pri:0, instance:smokeTest.SmokeTest@614ddd49]" name="ReturnToHomePage" is-config="true" duration-ms="1851" started-at="2020-10-18T17:04:15 CEST" finished-at="2020-10-18T17:04:17 CEST">
          <reporter-output>
          </reporter-output>
        </test-method> <!-- ReturnToHomePage -->
        <test-method status="PASS" signature="LoginWithoutEmailTC2_A14()[pri:2, instance:smokeTest.SmokeTest@614ddd49]" name="LoginWithoutEmailTC2_A14" duration-ms="3408" started-at="2020-10-18T17:04:17 CEST" finished-at="2020-10-18T17:04:21 CEST">
          <reporter-output>
          </reporter-output>
        </test-method> <!-- LoginWithoutEmailTC2_A14 -->
        <test-method status="PASS" signature="ReturnToHomePage()[pri:0, instance:smokeTest.SmokeTest@614ddd49]" name="ReturnToHomePage" is-config="true" duration-ms="2059" started-at="2020-10-18T17:04:21 CEST" finished-at="2020-10-18T17:04:23 CEST">
          <reporter-output>
          </reporter-output>
        </test-method> <!-- ReturnToHomePage -->
        <test-method status="PASS" signature="LoginWithoutEmailTC3_A15()[pri:3, instance:smokeTest.SmokeTest@614ddd49]" name="LoginWithoutEmailTC3_A15" duration-ms="2721" started-at="2020-10-18T17:04:23 CEST" finished-at="2020-10-18T17:04:25 CEST">
          <reporter-output>
          </reporter-output>
        </test-method> <!-- LoginWithoutEmailTC3_A15 -->
        <test-method status="PASS" signature="ReturnToHomePage()[pri:0, instance:smokeTest.SmokeTest@614ddd49]" name="ReturnToHomePage" is-config="true" duration-ms="1273" started-at="2020-10-18T17:04:25 CEST" finished-at="2020-10-18T17:04:27 CEST">
          <reporter-output>
          </reporter-output>
        </test-method> <!-- ReturnToHomePage -->
        <test-method status="PASS" signature="LoginWithIncorrectPasswordTC4_A17()[pri:4, instance:smokeTest.SmokeTest@614ddd49]" name="LoginWithIncorrectPasswordTC4_A17" duration-ms="3804" started-at="2020-10-18T17:04:27 CEST" finished-at="2020-10-18T17:04:30 CEST">
          <reporter-output>
          </reporter-output>
        </test-method> <!-- LoginWithIncorrectPasswordTC4_A17 -->
        <test-method status="PASS" signature="ReturnToHomePage()[pri:0, instance:smokeTest.SmokeTest@614ddd49]" name="ReturnToHomePage" is-config="true" duration-ms="1087" started-at="2020-10-18T17:04:30 CEST" finished-at="2020-10-18T17:04:32 CEST">
          <reporter-output>
          </reporter-output>
        </test-method> <!-- ReturnToHomePage -->
        <test-method status="PASS" signature="LoginTC4_A12()[pri:5, instance:smokeTest.SmokeTest@614ddd49]" name="LoginTC4_A12" duration-ms="4780" started-at="2020-10-18T17:04:32 CEST" finished-at="2020-10-18T17:04:36 CEST">
          <reporter-output>
          </reporter-output>
        </test-method> <!-- LoginTC4_A12 -->
        <test-method status="PASS" signature="ReturnToHomePage()[pri:0, instance:smokeTest.SmokeTest@614ddd49]" name="ReturnToHomePage" is-config="true" duration-ms="1715" started-at="2020-10-18T17:04:36 CEST" finished-at="2020-10-18T17:04:38 CEST">
          <reporter-output>
          </reporter-output>
        </test-method> <!-- ReturnToHomePage -->
        <test-method status="FAIL" signature="SearchFunctionalityTC5_B2()[pri:5, instance:smokeTest.SmokeTest@614ddd49]" name="SearchFunctionalityTC5_B2" duration-ms="2767" started-at="2020-10-18T17:04:38 CEST" finished-at="2020-10-18T17:04:41 CEST">
          <exception class="java.lang.AssertionError">
            <message>
              <![CDATA[The search functinality did not return valid output]]>
            </message>
            <full-stacktrace>
              <![CDATA[java.lang.AssertionError: The search functinality did not return valid output
at org.junit.Assert.fail(Assert.java:88)
at org.junit.Assert.assertTrue(Assert.java:41)
at org.junit.Assert.assertFalse(Assert.java:64)
at smokeTest.SmokeTest.SearchFunctionalityTC5_B2(SmokeTest.java:80)
at sun.reflect.NativeMethodAccessorImpl.invoke0(Native Method)
at sun.reflect.NativeMethodAccessorImpl.invoke(NativeMethodAccessorImpl.java:62)
at sun.reflect.DelegatingMethodAccessorImpl.invoke(DelegatingMethodAccessorImpl.java:43)
at java.lang.reflect.Method.invoke(Method.java:498)
at org.testng.internal.MethodInvocationHelper.invokeMethod(MethodInvocationHelper.java:132)
at org.testng.internal.TestInvoker.invokeMethod(TestInvoker.java:599)
at org.testng.internal.TestInvoker.invokeTestMethod(TestInvoker.java:174)
at org.testng.internal.MethodRunner.runInSequence(MethodRunner.java:46)
at org.testng.internal.TestInvoker$MethodInvocationAgent.invoke(TestInvoker.java:822)
at org.testng.internal.TestInvoker.invokeTestMethods(TestInvoker.java:147)
at org.testng.internal.TestMethodWorker.invokeTestMethods(TestMethodWorker.java:146)
at org.testng.internal.TestMethodWorker.run(TestMethodWorker.java:128)
at java.util.ArrayList.forEach(ArrayList.java:1257)
at org.testng.TestRunner.privateRun(TestRunner.java:764)
at org.testng.TestRunner.run(TestRunner.java:585)
at org.testng.SuiteRunner.runTest(SuiteRunner.java:384)
at org.testng.SuiteRunner.runSequentially(SuiteRunner.java:378)
at org.testng.SuiteRunner.privateRun(SuiteRunner.java:337)
at org.testng.SuiteRunner.run(SuiteRunner.java:286)
at org.testng.SuiteRunnerWorker.runSuite(SuiteRunnerWorker.java:53)
at org.testng.SuiteRunnerWorker.run(SuiteRunnerWorker.java:96)
at org.testng.TestNG.runSuitesSequentially(TestNG.java:1218)
at org.testng.TestNG.runSuitesLocally(TestNG.java:1140)
at org.testng.TestNG.runSuites(TestNG.java:1069)
at org.testng.TestNG.run(TestNG.java:1037)
at org.testng.remote.AbstractRemoteTestNG.run(AbstractRemoteTestNG.java:115)
at org.testng.remote.RemoteTestNG.initAndRun(RemoteTestNG.java:251)
at org.testng.remote.RemoteTestNG.main(RemoteTestNG.java:77)
]]>
            </full-stacktrace>
          </exception> <!-- java.lang.AssertionError -->
          <reporter-output>
          </reporter-output>
        </test-method> <!-- SearchFunctionalityTC5_B2 -->
        <test-method status="PASS" signature="ReturnToHomePage()[pri:0, instance:smokeTest.SmokeTest@614ddd49]" name="ReturnToHomePage" is-config="true" duration-ms="1116" started-at="2020-10-18T17:04:41 CEST" finished-at="2020-10-18T17:04:42 CEST">
          <reporter-output>
          </reporter-output>
        </test-method> <!-- ReturnToHomePage -->
        <test-method status="PASS" signature="AddDressToCartTC6_B3()[pri:6, instance:smokeTest.SmokeTest@614ddd49]" name="AddDressToCartTC6_B3" duration-ms="32844" started-at="2020-10-18T17:04:42 CEST" finished-at="2020-10-18T17:05:15 CEST">
          <reporter-output>
          </reporter-output>
        </test-method> <!-- AddDressToCartTC6_B3 -->
        <test-method status="PASS" signature="ReturnToHomePage()[pri:0, instance:smokeTest.SmokeTest@614ddd49]" name="ReturnToHomePage" is-config="true" duration-ms="2008" started-at="2020-10-18T17:05:15 CEST" finished-at="2020-10-18T17:05:17 CEST">
          <reporter-output>
          </reporter-output>
        </test-method> <!-- ReturnToHomePage -->
        <test-method status="FAIL" signature="VerifyCatalogCheckboxesWorkTC7_B4()[pri:7, instance:smokeTest.SmokeTest@614ddd49]" name="VerifyCatalogCheckboxesWorkTC7_B4" duration-ms="4532" started-at="2020-10-18T17:05:17 CEST" finished-at="2020-10-18T17:05:21 CEST">
          <exception class="org.junit.ComparisonFailure">
            <message>
              <![CDATA[expected:<...dex.php?id_category=[3]&controller=category> but was:<...dex.php?id_category=[8]&controller=category>]]>
            </message>
            <full-stacktrace>
              <![CDATA[org.junit.ComparisonFailure: expected:<...dex.php?id_category=[3]&controller=category> but was:<...dex.php?id_category=[8]&controller=category>
at org.junit.Assert.assertEquals(Assert.java:115)
at org.junit.Assert.assertEquals(Assert.java:144)
at smokeTest.SmokeTest.VerifyCatalogCheckboxesWorkTC7_B4(SmokeTest.java:132)
at sun.reflect.NativeMethodAccessorImpl.invoke0(Native Method)
at sun.reflect.NativeMethodAccessorImpl.invoke(NativeMethodAccessorImpl.java:62)
at sun.reflect.DelegatingMethodAccessorImpl.invoke(DelegatingMethodAccessorImpl.java:43)
at java.lang.reflect.Method.invoke(Method.java:498)
at org.testng.internal.MethodInvocationHelper.invokeMethod(MethodInvocationHelper.java:132)
at org.testng.internal.TestInvoker.invokeMethod(TestInvoker.java:599)
at org.testng.internal.TestInvoker.invokeTestMethod(TestInvoker.java:174)
at org.testng.internal.MethodRunner.runInSequence(MethodRunner.java:46)
at org.testng.internal.TestInvoker$MethodInvocationAgent.invoke(TestInvoker.java:822)
at org.testng.internal.TestInvoker.invokeTestMethods(TestInvoker.java:147)
at org.testng.internal.TestMethodWorker.invokeTestMethods(TestMethodWorker.java:146)
at org.testng.internal.TestMethodWorker.run(TestMethodWorker.java:128)
at java.util.ArrayList.forEach(ArrayList.java:1257)
at org.testng.TestRunner.privateRun(TestRunner.java:764)
at org.testng.TestRunner.run(TestRunner.java:585)
at org.testng.SuiteRunner.runTest(SuiteRunner.java:384)
at org.testng.SuiteRunner.runSequentially(SuiteRunner.java:378)
at org.testng.SuiteRunner.privateRun(SuiteRunner.java:337)
at org.testng.SuiteRunner.run(SuiteRunner.java:286)
at org.testng.SuiteRunnerWorker.runSuite(SuiteRunnerWorker.java:53)
at org.testng.SuiteRunnerWorker.run(SuiteRunnerWorker.java:96)
at org.testng.TestNG.runSuitesSequentially(TestNG.java:1218)
at org.testng.TestNG.runSuitesLocally(TestNG.java:1140)
at org.testng.TestNG.runSuites(TestNG.java:1069)
at org.testng.TestNG.run(TestNG.java:1037)
at org.testng.remote.AbstractRemoteTestNG.run(AbstractRemoteTestNG.java:115)
at org.testng.remote.RemoteTestNG.initAndRun(RemoteTestNG.java:251)
at org.testng.remote.RemoteTestNG.main(RemoteTestNG.java:77)
]]>
            </full-stacktrace>
          </exception> <!-- org.junit.ComparisonFailure -->
          <reporter-output>
          </reporter-output>
        </test-method> <!-- VerifyCatalogCheckboxesWorkTC7_B4 -->
        <test-method status="PASS" signature="ReturnToHomePage()[pri:0, instance:smokeTest.SmokeTest@614ddd49]" name="ReturnToHomePage" is-config="true" duration-ms="2334" started-at="2020-10-18T17:05:21 CEST" finished-at="2020-10-18T17:05:24 CEST">
          <reporter-output>
          </reporter-output>
        </test-method> <!-- ReturnToHomePage -->
        <test-method status="PASS" signature="NavigateThroughLinksTC8_B5()[pri:8, instance:smokeTest.SmokeTest@614ddd49]" name="NavigateThroughLinksTC8_B5" duration-ms="18097" started-at="2020-10-18T17:05:24 CEST" finished-at="2020-10-18T17:05:42 CEST">
          <reporter-output>
          </reporter-output>
        </test-method> <!-- NavigateThroughLinksTC8_B5 -->
        <test-method status="PASS" signature="ReturnToHomePage()[pri:0, instance:smokeTest.SmokeTest@614ddd49]" name="ReturnToHomePage" is-config="true" duration-ms="6668" started-at="2020-10-18T17:05:42 CEST" finished-at="2020-10-18T17:05:48 CEST">
          <reporter-output>
          </reporter-output>
        </test-method> <!-- ReturnToHomePage -->
        <test-method status="PASS" signature="userCanPurchaseItemsAtSalesPrices()[pri:9, instance:smokeTest.SmokeTest@614ddd49]" name="userCanPurchaseItemsAtSalesPrices" duration-ms="3994" started-at="2020-10-18T17:05:48 CEST" finished-at="2020-10-18T17:05:52 CEST">
          <reporter-output>
          </reporter-output>
        </test-method> <!-- userCanPurchaseItemsAtSalesPrices -->
        <test-method status="PASS" signature="ReturnToHomePage()[pri:0, instance:smokeTest.SmokeTest@614ddd49]" name="ReturnToHomePage" is-config="true" duration-ms="2265" started-at="2020-10-18T17:05:52 CEST" finished-at="2020-10-18T17:05:55 CEST">
          <reporter-output>
          </reporter-output>
        </test-method> <!-- ReturnToHomePage -->
        <test-method status="PASS" signature="driverQuit()[pri:0, instance:smokeTest.SmokeTest@614ddd49]" name="driverQuit" is-config="true" duration-ms="965" started-at="2020-10-18T17:05:55 CEST" finished-at="2020-10-18T17:05:56 CEST">
          <reporter-output>
          </reporter-output>
        </test-method> <!-- driverQuit -->
      </class> <!-- smokeTest.SmokeTest -->
    </test> <!-- Test -->
  </suite> <!-- Suite -->
</testng-results>
