<?xml version="1.0" encoding="UTF-8"?>
<!-- Generated by org.testng.reporters.JUnitReportReporter -->
<testsuite skipped="0" hostname="DESKTOP-ACRMBSA" name="smokeTest.SmokeTest" tests="10" failures="2" timestamp="2020-10-18T17:05:56 CEST" time="103.558" errors="0">
  <testcase name="LoginWithoutPasswordTC1_A13" time="5.508" classname="smokeTest.SmokeTest"/>
  <system-out/>
  <testcase name="LoginWithoutEmailTC2_A14" time="4.495" classname="smokeTest.SmokeTest"/>
  <system-out/>
  <testcase name="LoginWithoutEmailTC3_A15" time="9.389" classname="smokeTest.SmokeTest"/>
  <system-out/>
  <testcase name="LoginWithIncorrectPasswordTC4_A17" time="5.655" classname="smokeTest.SmokeTest"/>
  <system-out/>
  <testcase name="LoginTC4_A12" time="6.495" classname="smokeTest.SmokeTest"/>
  <system-out/>
  <testcase name="SearchFunctionalityTC5_B2" time="5.032" classname="smokeTest.SmokeTest">
    <failure type="java.lang.AssertionError" message="The search functinality did not return valid output">
      <![CDATA[java.lang.AssertionError: The search functinality did not return valid output
at org.junit.Assert.fail(Assert.java:88)
at org.junit.Assert.assertTrue(Assert.java:41)
at org.junit.Assert.assertFalse(Assert.java:64)
at smokeTest.SmokeTest.SearchFunctionalityTC5_B2(SmokeTest.java:80)
at sun.reflect.NativeMethodAccessorImpl.invoke0(Native Method)
at sun.reflect.NativeMethodAccessorImpl.invoke(NativeMethodAccessorImpl.java:62)
at sun.reflect.DelegatingMethodAccessorImpl.invoke(DelegatingMethodAccessorImpl.java:43)
at java.lang.reflect.Method.invoke(Method.java:498)
at org.testng.internal.MethodInvocationHelper.invokeMethod(MethodInvocationHelper.java:132)
at org.testng.internal.TestInvoker.invokeMethod(TestInvoker.java:599)
at org.testng.internal.TestInvoker.invokeTestMethod(TestInvoker.java:174)
at org.testng.internal.MethodRunner.runInSequence(MethodRunner.java:46)
at org.testng.internal.TestInvoker$MethodInvocationAgent.invoke(TestInvoker.java:822)
at org.testng.internal.TestInvoker.invokeTestMethods(TestInvoker.java:147)
at org.testng.internal.TestMethodWorker.invokeTestMethods(TestMethodWorker.java:146)
at org.testng.internal.TestMethodWorker.run(TestMethodWorker.java:128)
at java.util.ArrayList.forEach(ArrayList.java:1257)
at org.testng.TestRunner.privateRun(TestRunner.java:764)
at org.testng.TestRunner.run(TestRunner.java:585)
at org.testng.SuiteRunner.runTest(SuiteRunner.java:384)
at org.testng.SuiteRunner.runSequentially(SuiteRunner.java:378)
at org.testng.SuiteRunner.privateRun(SuiteRunner.java:337)
at org.testng.SuiteRunner.run(SuiteRunner.java:286)
at org.testng.SuiteRunnerWorker.runSuite(SuiteRunnerWorker.java:53)
at org.testng.SuiteRunnerWorker.run(SuiteRunnerWorker.java:96)
at org.testng.TestNG.runSuitesSequentially(TestNG.java:1218)
at org.testng.TestNG.runSuitesLocally(TestNG.java:1140)
at org.testng.TestNG.runSuites(TestNG.java:1069)
at org.testng.TestNG.run(TestNG.java:1037)
at org.testng.remote.AbstractRemoteTestNG.run(AbstractRemoteTestNG.java:115)
at org.testng.remote.RemoteTestNG.initAndRun(RemoteTestNG.java:251)
at org.testng.remote.RemoteTestNG.main(RemoteTestNG.java:77)
]]>
    </failure>
  </testcase> <!-- SearchFunctionalityTC5_B2 -->
  <system-out/>
  <testcase name="AddDressToCartTC6_B3" time="35.178" classname="smokeTest.SmokeTest"/>
  <system-out/>
  <testcase name="VerifyCatalogCheckboxesWorkTC7_B4" time="6.540" classname="smokeTest.SmokeTest">
    <failure type="org.junit.ComparisonFailure" message="expected:&lt;...dex.php?id_category=[3]&amp;controller=category&gt; but was:&lt;...dex.php?id_category=[8]&amp;controller=category&gt;">
      <![CDATA[org.junit.ComparisonFailure: expected:<...dex.php?id_category=[3]&controller=category> but was:<...dex.php?id_category=[8]&controller=category>
at org.junit.Assert.assertEquals(Assert.java:115)
at org.junit.Assert.assertEquals(Assert.java:144)
at smokeTest.SmokeTest.VerifyCatalogCheckboxesWorkTC7_B4(SmokeTest.java:132)
at sun.reflect.NativeMethodAccessorImpl.invoke0(Native Method)
at sun.reflect.NativeMethodAccessorImpl.invoke(NativeMethodAccessorImpl.java:62)
at sun.reflect.DelegatingMethodAccessorImpl.invoke(DelegatingMethodAccessorImpl.java:43)
at java.lang.reflect.Method.invoke(Method.java:498)
at org.testng.internal.MethodInvocationHelper.invokeMethod(MethodInvocationHelper.java:132)
at org.testng.internal.TestInvoker.invokeMethod(TestInvoker.java:599)
at org.testng.internal.TestInvoker.invokeTestMethod(TestInvoker.java:174)
at org.testng.internal.MethodRunner.runInSequence(MethodRunner.java:46)
at org.testng.internal.TestInvoker$MethodInvocationAgent.invoke(TestInvoker.java:822)
at org.testng.internal.TestInvoker.invokeTestMethods(TestInvoker.java:147)
at org.testng.internal.TestMethodWorker.invokeTestMethods(TestMethodWorker.java:146)
at org.testng.internal.TestMethodWorker.run(TestMethodWorker.java:128)
at java.util.ArrayList.forEach(ArrayList.java:1257)
at org.testng.TestRunner.privateRun(TestRunner.java:764)
at org.testng.TestRunner.run(TestRunner.java:585)
at org.testng.SuiteRunner.runTest(SuiteRunner.java:384)
at org.testng.SuiteRunner.runSequentially(SuiteRunner.java:378)
at org.testng.SuiteRunner.privateRun(SuiteRunner.java:337)
at org.testng.SuiteRunner.run(SuiteRunner.java:286)
at org.testng.SuiteRunnerWorker.runSuite(SuiteRunnerWorker.java:53)
at org.testng.SuiteRunnerWorker.run(SuiteRunnerWorker.java:96)
at org.testng.TestNG.runSuitesSequentially(TestNG.java:1218)
at org.testng.TestNG.runSuitesLocally(TestNG.java:1140)
at org.testng.TestNG.runSuites(TestNG.java:1069)
at org.testng.TestNG.run(TestNG.java:1037)
at org.testng.remote.AbstractRemoteTestNG.run(AbstractRemoteTestNG.java:115)
at org.testng.remote.RemoteTestNG.initAndRun(RemoteTestNG.java:251)
at org.testng.remote.RemoteTestNG.main(RemoteTestNG.java:77)
]]>
    </failure>
  </testcase> <!-- VerifyCatalogCheckboxesWorkTC7_B4 -->
  <system-out/>
  <testcase name="NavigateThroughLinksTC8_B5" time="20.156" classname="smokeTest.SmokeTest"/>
  <system-out/>
  <testcase name="userCanPurchaseItemsAtSalesPrices" time="5.110" classname="smokeTest.SmokeTest"/>
  <system-out/>
</testsuite> <!-- smokeTest.SmokeTest -->
